2026-01-08 09:13:30 - watchfiles.main - INFO - 1 change detected
2026-01-08 09:13:43 - watchfiles.main - INFO - 1 change detected
2026-01-08 09:15:32 - api.middleware.logging - INFO - Request started: GET /health
2026-01-08 09:15:32 - api.middleware.logging - INFO - Request completed: GET /health - Status: 200 - Time: 0.0011s
2026-01-08 09:15:32 - api.middleware.logging - INFO - Request started: GET /favicon.ico
2026-01-08 09:15:32 - core.exceptions - ERROR - HTTPException: Not Found
2026-01-08 09:15:32 - api.middleware.logging - INFO - Request completed: GET /favicon.ico - Status: 404 - Time: 0.0020s
2026-01-08 09:22:23 - watchfiles.main - INFO - 1 change detected
2026-01-08 09:23:14 - api.middleware.logging - INFO - Request started: GET /docs
2026-01-08 09:23:14 - api.middleware.logging - INFO - Request completed: GET /docs - Status: 200 - Time: 0.0021s
2026-01-08 09:24:32 - watchfiles.main - INFO - 1 change detected
2026-01-08 11:17:55 - watchfiles.main - INFO - 7 changes detected
2026-01-08 11:17:55 - watchfiles.main - INFO - 1 change detected
2026-01-08 11:18:11 - watchfiles.main - INFO - 2 changes detected
2026-01-08 11:19:46 - watchfiles.main - INFO - 1 change detected
2026-01-08 11:19:50 - watchfiles.main - INFO - 1 change detected
2026-01-08 11:19:50 - core.middleware - INFO - Request started: GET /health
2026-01-08 11:19:50 - core.middleware - INFO - Request completed: GET /health - Status: 200 - Time: 0.0008s
2026-01-08 11:19:50 - httpx - INFO - HTTP Request: GET http://testserver/health "HTTP/1.1 200 OK"
2026-01-08 11:19:50 - core.middleware - INFO - Request started: POST /api/v1/tools/password/generate
2026-01-08 11:19:50 - core.middleware - INFO - Request completed: POST /api/v1/tools/password/generate - Status: 200 - Time: 0.0011s
2026-01-08 11:19:50 - httpx - INFO - HTTP Request: POST http://testserver/api/v1/tools/password/generate "HTTP/1.1 200 OK"
2026-01-08 11:19:50 - core.middleware - INFO - Request started: POST /api/v1/tools/password/generate
2026-01-08 11:19:50 - core.middleware - INFO - Request completed: POST /api/v1/tools/password/generate - Status: 200 - Time: 0.0008s
2026-01-08 11:19:50 - httpx - INFO - HTTP Request: POST http://testserver/api/v1/tools/password/generate "HTTP/1.1 200 OK"
2026-01-08 11:19:50 - core.middleware - INFO - Request started: POST /api/v1/tools/password/generate
2026-01-08 11:19:50 - core.middleware - INFO - Request completed: POST /api/v1/tools/password/generate - Status: 200 - Time: 0.0009s
2026-01-08 11:19:50 - httpx - INFO - HTTP Request: POST http://testserver/api/v1/tools/password/generate "HTTP/1.1 200 OK"
2026-01-08 11:19:50 - core.middleware - INFO - Request started: POST /api/v1/tools/password/generate
2026-01-08 11:19:50 - core.exceptions - ERROR - Unhandled exception: 至少需要选择一种字符类型
2026-01-08 11:19:50 - core.middleware - INFO - Request started: POST /api/v1/tools/password/generate
2026-01-08 11:19:50 - core.middleware - INFO - Request completed: POST /api/v1/tools/password/generate - Status: 422 - Time: 0.0011s
2026-01-08 11:19:50 - httpx - INFO - HTTP Request: POST http://testserver/api/v1/tools/password/generate "HTTP/1.1 422 Unprocessable Entity"
2026-01-08 11:19:50 - core.middleware - INFO - Request started: POST /api/v1/tools/regex/test
2026-01-08 11:19:50 - core.middleware - INFO - Request completed: POST /api/v1/tools/regex/test - Status: 200 - Time: 0.0009s
2026-01-08 11:19:50 - httpx - INFO - HTTP Request: POST http://testserver/api/v1/tools/regex/test "HTTP/1.1 200 OK"
2026-01-08 11:19:50 - core.middleware - INFO - Request started: POST /api/v1/tools/regex/test
2026-01-08 11:19:50 - core.middleware - INFO - Request completed: POST /api/v1/tools/regex/test - Status: 200 - Time: 0.0009s
2026-01-08 11:19:50 - httpx - INFO - HTTP Request: POST http://testserver/api/v1/tools/regex/test "HTTP/1.1 200 OK"
2026-01-08 11:19:50 - core.middleware - INFO - Request started: POST /api/v1/tools/regex/test
2026-01-08 11:19:50 - core.middleware - INFO - Request completed: POST /api/v1/tools/regex/test - Status: 200 - Time: 0.0009s
2026-01-08 11:19:50 - httpx - INFO - HTTP Request: POST http://testserver/api/v1/tools/regex/test "HTTP/1.1 200 OK"
2026-01-08 11:19:50 - core.middleware - INFO - Request started: POST /api/v1/tools/regex/test
2026-01-08 11:19:50 - core.exceptions - ERROR - AppException: 正则表达式错误: unterminated character set at position 0
2026-01-08 11:19:50 - core.middleware - INFO - Request completed: POST /api/v1/tools/regex/test - Status: 422 - Time: 0.0008s
2026-01-08 11:19:50 - httpx - INFO - HTTP Request: POST http://testserver/api/v1/tools/regex/test "HTTP/1.1 422 Unprocessable Entity"
2026-01-08 11:19:50 - core.middleware - INFO - Request started: POST /api/v1/tools/text/process
2026-01-08 11:19:50 - core.exceptions - ERROR - Unhandled exception: 1 validation errors:
  {'type': 'string_type', 'loc': ('response', 'result'), 'msg': 'Input should be a valid string', 'input': {'result': '{\n  "name": "test",\n  "value": 123\n}', 'success': True}, 'url': 'https://errors.pydantic.dev/2.8/v/string_type'}

2026-01-08 11:19:50 - core.middleware - INFO - Request started: POST /api/v1/tools/text/process
2026-01-08 11:19:50 - core.exceptions - ERROR - Unhandled exception: 1 validation errors:
  {'type': 'string_type', 'loc': ('response', 'result'), 'msg': 'Input should be a valid string', 'input': {'result': 'SGVsbG8gV29ybGQ=', 'success': True}, 'url': 'https://errors.pydantic.dev/2.8/v/string_type'}

2026-01-08 11:19:51 - core.middleware - INFO - Request started: POST /api/v1/tools/text/process
2026-01-08 11:19:51 - core.exceptions - ERROR - Unhandled exception: 1 validation errors:
  {'type': 'string_type', 'loc': ('response', 'result'), 'msg': 'Input should be a valid string', 'input': {'result': 'Hello World', 'success': True}, 'url': 'https://errors.pydantic.dev/2.8/v/string_type'}

2026-01-08 11:19:51 - core.middleware - INFO - Request started: POST /api/v1/tools/text/process
2026-01-08 11:19:51 - core.exceptions - ERROR - Unhandled exception: 1 validation errors:
  {'type': 'string_type', 'loc': ('response', 'result'), 'msg': 'Input should be a valid string', 'input': {'result': 'hello%20world', 'success': True}, 'url': 'https://errors.pydantic.dev/2.8/v/string_type'}

2026-01-08 11:19:51 - core.middleware - INFO - Request started: POST /api/v1/tools/text/process
2026-01-08 11:19:51 - core.exceptions - ERROR - Unhandled exception: 1 validation errors:
  {'type': 'string_type', 'loc': ('response', 'result'), 'msg': 'Input should be a valid string', 'input': {'result': 'hello world', 'success': True}, 'url': 'https://errors.pydantic.dev/2.8/v/string_type'}

2026-01-08 11:19:51 - core.middleware - INFO - Request started: POST /api/v1/tools/text/process
2026-01-08 11:19:51 - core.middleware - INFO - Request completed: POST /api/v1/tools/text/process - Status: 422 - Time: 0.0009s
2026-01-08 11:19:51 - httpx - INFO - HTTP Request: POST http://testserver/api/v1/tools/text/process "HTTP/1.1 422 Unprocessable Entity"
2026-01-08 11:19:51 - core.middleware - INFO - Request started: POST /api/v1/tools/text/compare
2026-01-08 11:19:51 - core.middleware - INFO - Request completed: POST /api/v1/tools/text/compare - Status: 200 - Time: 0.0008s
2026-01-08 11:19:51 - httpx - INFO - HTTP Request: POST http://testserver/api/v1/tools/text/compare "HTTP/1.1 200 OK"
2026-01-08 11:19:51 - core.middleware - INFO - Request started: POST /api/v1/tools/timestamp/convert
2026-01-08 11:19:51 - core.middleware - INFO - Request completed: POST /api/v1/tools/timestamp/convert - Status: 200 - Time: 0.0008s
2026-01-08 11:19:51 - httpx - INFO - HTTP Request: POST http://testserver/api/v1/tools/timestamp/convert "HTTP/1.1 200 OK"
2026-01-08 11:19:51 - core.middleware - INFO - Request started: POST /api/v1/tools/timestamp/convert
2026-01-08 11:19:51 - core.middleware - INFO - Request completed: POST /api/v1/tools/timestamp/convert - Status: 200 - Time: 0.0010s
2026-01-08 11:19:51 - httpx - INFO - HTTP Request: POST http://testserver/api/v1/tools/timestamp/convert "HTTP/1.1 200 OK"
2026-01-08 11:19:51 - core.middleware - INFO - Request started: POST /api/v1/tools/timestamp/convert
2026-01-08 11:19:51 - core.middleware - INFO - Request completed: POST /api/v1/tools/timestamp/convert - Status: 422 - Time: 0.0009s
2026-01-08 11:19:51 - httpx - INFO - HTTP Request: POST http://testserver/api/v1/tools/timestamp/convert "HTTP/1.1 422 Unprocessable Entity"
2026-01-08 11:19:51 - core.middleware - INFO - Request started: POST /api/v1/tools/timestamp/convert
2026-01-08 11:19:51 - core.middleware - INFO - Request completed: POST /api/v1/tools/timestamp/convert - Status: 422 - Time: 0.0008s
2026-01-08 11:19:51 - httpx - INFO - HTTP Request: POST http://testserver/api/v1/tools/timestamp/convert "HTTP/1.1 422 Unprocessable Entity"
2026-01-08 11:19:51 - watchfiles.main - INFO - 12 changes detected
2026-01-08 11:21:08 - core.middleware - INFO - Request started: GET /health
2026-01-08 11:21:08 - core.middleware - INFO - Request completed: GET /health - Status: 200 - Time: 0.0033s
2026-01-08 11:21:08 - watchfiles.main - INFO - 1 change detected
2026-01-08 11:22:19 - watchfiles.main - INFO - 1 change detected
2026-01-08 11:23:56 - core.middleware - INFO - Request started: GET /categories
2026-01-08 11:23:56 - core.exceptions - ERROR - HTTPException: Not Found
2026-01-08 11:23:56 - core.middleware - INFO - Request completed: GET /categories - Status: 404 - Time: 0.0028s
2026-01-08 11:24:20 - core.middleware - INFO - Request started: GET /api/v1/categories
2026-01-08 11:24:20 - core.exceptions - ERROR - HTTPException: Not Found
2026-01-08 11:24:20 - core.middleware - INFO - Request completed: GET /api/v1/categories - Status: 404 - Time: 0.0030s
2026-01-08 11:25:38 - core.middleware - INFO - Request started: GET /api/v1/tools/categories
2026-01-08 11:25:38 - core.middleware - INFO - Request completed: GET /api/v1/tools/categories - Status: 200 - Time: 0.0029s
2026-01-08 11:26:26 - core.middleware - INFO - Request started: GET /info
2026-01-08 11:26:26 - core.exceptions - ERROR - HTTPException: Not Found
2026-01-08 11:26:26 - core.middleware - INFO - Request completed: GET /info - Status: 404 - Time: 0.0032s
2026-01-08 11:26:45 - watchfiles.main - INFO - 2 changes detected
2026-01-08 11:26:46 - watchfiles.main - INFO - 1 change detected
2026-01-08 11:27:22 - core.middleware - INFO - Request started: GET /api/v1/tools/health
2026-01-08 11:27:22 - core.exceptions - ERROR - HTTPException: Not Found
2026-01-08 11:27:22 - core.middleware - INFO - Request completed: GET /api/v1/tools/health - Status: 404 - Time: 0.0023s
2026-01-08 11:28:05 - core.middleware - INFO - Request started: GET /api/v1/tools/
2026-01-08 11:28:05 - core.exceptions - ERROR - HTTPException: Not Found
2026-01-08 11:28:05 - core.middleware - INFO - Request completed: GET /api/v1/tools/ - Status: 404 - Time: 0.0024s
2026-01-08 11:28:11 - core.middleware - INFO - Request started: GET /api/v1/tools/info
2026-01-08 11:28:11 - core.exceptions - ERROR - HTTPException: Not Found
2026-01-08 11:28:11 - core.middleware - INFO - Request completed: GET /api/v1/tools/info - Status: 404 - Time: 0.0024s
2026-01-08 11:30:17 - watchfiles.main - INFO - 1 change detected
2026-01-08 11:30:17 - watchfiles.main - INFO - 1 change detected
2026-01-08 11:30:24 - watchfiles.main - INFO - 1 change detected
2026-01-08 11:30:29 - watchfiles.main - INFO - 1 change detected
2026-01-13 16:40:02 - core.middleware - INFO - Request started: GET /api/v1/health
2026-01-13 16:40:02 - core.exceptions - ERROR - HTTPException: Not Found
2026-01-13 16:40:02 - core.middleware - INFO - Request completed: GET /api/v1/health - Status: 404 - Time: 0.0007s
2026-01-13 16:40:02 - core.middleware - INFO - Request started: GET /favicon.ico
2026-01-13 16:40:02 - core.exceptions - ERROR - HTTPException: Not Found
2026-01-13 16:40:02 - core.middleware - INFO - Request completed: GET /favicon.ico - Status: 404 - Time: 0.0020s
2026-01-13 16:42:49 - core.middleware - INFO - Request started: GET /api/v1/health
2026-01-13 16:42:49 - core.exceptions - ERROR - HTTPException: Not Found
2026-01-13 16:42:49 - core.middleware - INFO - Request completed: GET /api/v1/health - Status: 404 - Time: 0.0017s
2026-01-13 16:42:54 - core.middleware - INFO - Request started: GET /api/v1/tool/health
2026-01-13 16:42:54 - core.exceptions - ERROR - HTTPException: Not Found
2026-01-13 16:42:54 - core.middleware - INFO - Request completed: GET /api/v1/tool/health - Status: 404 - Time: 0.0017s
2026-01-13 16:43:02 - core.middleware - INFO - Request started: GET /api/v1/tools/health
2026-01-13 16:43:02 - core.exceptions - ERROR - HTTPException: Not Found
2026-01-13 16:43:02 - core.middleware - INFO - Request completed: GET /api/v1/tools/health - Status: 404 - Time: 0.0021s
2026-01-13 16:43:22 - core.middleware - INFO - Request started: GET /api/health
2026-01-13 16:43:22 - core.exceptions - ERROR - HTTPException: Not Found
2026-01-13 16:43:22 - core.middleware - INFO - Request completed: GET /api/health - Status: 404 - Time: 0.0025s
2026-01-13 16:43:33 - core.middleware - INFO - Request started: GET /api/v1/health
2026-01-13 16:43:33 - core.exceptions - ERROR - HTTPException: Not Found
2026-01-13 16:43:33 - core.middleware - INFO - Request completed: GET /api/v1/health - Status: 404 - Time: 0.0020s
2026-01-13 16:46:28 - core.middleware - INFO - Request started: GET /health
2026-01-13 16:46:28 - core.middleware - INFO - Request completed: GET /health - Status: 200 - Time: 0.0011s
